1492965749365	geckodriver	INFO	Listening on 127.0.0.1:36584
1492965750531	mozprofile::profile	INFO	Using profile path /tmp/rust_mozprofile.6mSZrUMmMNW0
1492965750532	geckodriver::marionette	INFO	Starting browser /usr/bin/firefox
1492965750540	geckodriver::marionette	INFO	Connecting to Marionette on localhost:39517
1492965755641	Marionette	INFO	Listening on port 39517
1492965800729	geckodriver	INFO	Listening on 127.0.0.1:42805
1492965801845	mozprofile::profile	INFO	Using profile path /tmp/rust_mozprofile.pLIWrpSvCz3H
1492965801845	geckodriver::marionette	INFO	Starting browser /usr/bin/firefox
1492965801848	geckodriver::marionette	INFO	Connecting to Marionette on localhost:46697
1492965802597	Marionette	INFO	Listening on port 46697
1492966235918	geckodriver	INFO	Listening on 127.0.0.1:54772
1492966237011	mozprofile::profile	INFO	Using profile path /tmp/rust_mozprofile.z2DfhRRJSQjJ
1492966237012	geckodriver::marionette	INFO	Starting browser /usr/bin/firefox
1492966237015	geckodriver::marionette	INFO	Connecting to Marionette on localhost:35371
1492966237791	Marionette	INFO	Listening on port 35371

###!!! [Child][MessageChannel] Error: (msgtype=0x420003,name=PCompositable::Msg_Destroy) Channel error: cannot send/recv


###!!! [Child][MessageChannel] Error: (msgtype=0x420003,name=PCompositable::Msg_Destroy) Channel error: cannot send/recv

[Child 4670] ###!!! ABORT: Aborting on channel error.: file /build/firefox-MkV0Xf/firefox-50.1.0+build2/ipc/glue/MessageChannel.cpp, line 2056
[Child 4670] ###!!! ABORT: Aborting on channel error.: file /build/firefox-MkV0Xf/firefox-50.1.0+build2/ipc/glue/MessageChannel.cpp, line 2056
1492966330255	geckodriver	INFO	Listening on 127.0.0.1:39757
1492966331355	mozprofile::profile	INFO	Using profile path /tmp/rust_mozprofile.gth5xk7VooHa
1492966331356	geckodriver::marionette	INFO	Starting browser /usr/bin/firefox
1492966331359	geckodriver::marionette	INFO	Connecting to Marionette on localhost:40890
1492966332135	Marionette	INFO	Listening on port 40890
[Child 4800] WARNING: pipe error (3): Connection reset by peer: file /build/firefox-MkV0Xf/firefox-50.1.0+build2/ipc/chromium/src/chrome/common/ipc_channel_posix.cc, line 320
[Child 4800] ###!!! ABORT: Aborting on channel error.: file /build/firefox-MkV0Xf/firefox-50.1.0+build2/ipc/glue/MessageChannel.cpp, line 2056
[Child 4800] ###!!! ABORT: Aborting on channel error.: file /build/firefox-MkV0Xf/firefox-50.1.0+build2/ipc/glue/MessageChannel.cpp, line 2056

###!!! [Child][MessageChannel] Error: (msgtype=0x1060003,name=PTexture::Msg_Destroy) Channel error: cannot send/recv


###!!! [Child][MessageChannel] Error: (msgtype=0x1060003,name=PTexture::Msg_Destroy) Channel error: cannot send/recv


###!!! [Child][MessageChannel] Error: (msgtype=0x420003,name=PCompositable::Msg_Destroy) Channel error: cannot send/recv


###!!! [Child][MessageChannel] Error: (msgtype=0x420003,name=PCompositable::Msg_Destroy) Channel error: cannot send/recv

*************************
A coding exception was thrown and uncaught in a Task.

Full message: TypeError: NetworkError when attempting to fetch resource.
Full stack: 
*************************
1492966377830	geckodriver	INFO	Listening on 127.0.0.1:40146
1492966378918	mozprofile::profile	INFO	Using profile path /tmp/rust_mozprofile.jMLyo91RjFeM
1492966378918	geckodriver::marionette	INFO	Starting browser /usr/bin/firefox
1492966378921	geckodriver::marionette	INFO	Connecting to Marionette on localhost:36857
1492966379694	Marionette	INFO	Listening on port 36857
[Child 4925] ###!!! ABORT: Aborting on channel error.: file /build/firefox-MkV0Xf/firefox-50.1.0+build2/ipc/glue/MessageChannel.cpp, line 2056
[Child 4925] ###!!! ABORT: Aborting on channel error.: file /build/firefox-MkV0Xf/firefox-50.1.0+build2/ipc/glue/MessageChannel.cpp, line 2056
*************************
A coding exception was thrown and uncaught in a Task.

Full message: TypeError: NetworkError when attempting to fetch resource.
Full stack: 
*************************
1492966544280	geckodriver	INFO	Listening on 127.0.0.1:53715
1492966545373	mozprofile::profile	INFO	Using profile path /tmp/rust_mozprofile.VxhaQZGeD5g3
1492966545374	geckodriver::marionette	INFO	Starting browser /usr/bin/firefox
1492966545377	geckodriver::marionette	INFO	Connecting to Marionette on localhost:38002
1492966546145	Marionette	INFO	Listening on port 38002
[Child 5088] ###!!! ABORT: Aborting on channel error.: file /build/firefox-MkV0Xf/firefox-50.1.0+build2/ipc/glue/MessageChannel.cpp, line 2056
[Child 5088] ###!!! ABORT: Aborting on channel error.: file /build/firefox-MkV0Xf/firefox-50.1.0+build2/ipc/glue/MessageChannel.cpp, line 2056

###!!! [Child][MessageChannel] Error: (msgtype=0x420003,name=PCompositable::Msg_Destroy) Channel error: cannot send/recv


###!!! [Child][MessageChannel] Error: (msgtype=0x1060003,name=PTexture::Msg_Destroy) Channel error: cannot send/recv


###!!! [Child][MessageChannel] Error: (msgtype=0x420003,name=PCompositable::Msg_Destroy) Channel error: cannot send/recv

